INFO:sim:172 - Generating IP...
Resolving generics for 'MemBlo'...
Applying external generics to 'MemBlo'...
Delivering associated files for 'MemBlo'...
WARNING:sim - Can't find 'Verilog' synthesis view; using general synthesis view
Delivering EJava files for 'MemBlo'...
Generating implementation netlist for 'MemBlo'...
INFO:sim - Pre-processing HDL files for 'MemBlo'...
Running synthesis for 'MemBlo'
Running ngcbuild...
Writing VEO instantiation template for 'MemBlo'...
Writing Verilog behavioral simulation model for 'MemBlo'...
Generating ASY schematic symbol...
INFO:sim:949 - Finished generation of ASY schematic symbol.
Generating SYM schematic symbol for 'MemBlo'...
Generating metadata file...
Generating ISE project...
XCO file found: MemBlo.xco
XMDF file found: MemBlo_xmdf.tcl
Adding D:/components/MemBlock/MemBlock/ipcore_dir/tmp/_cg/MemBlo.asy -view all
-origin_type imported
Adding D:/components/MemBlock/MemBlock/ipcore_dir/tmp/_cg/MemBlo.ngc -view all
-origin_type created
Checking file "D:/components/MemBlock/MemBlock/ipcore_dir/tmp/_cg/MemBlo.ngc"
for project device match ...
File "D:/components/MemBlock/MemBlock/ipcore_dir/tmp/_cg/MemBlo.ngc" device
information matches project device.
Adding D:/components/MemBlock/MemBlock/ipcore_dir/tmp/_cg/MemBlo.sym -view all
-origin_type imported
Adding D:/components/MemBlock/MemBlock/ipcore_dir/tmp/_cg/MemBlo.v -view all
-origin_type created
INFO:HDLCompiler:1845 - Analyzing Verilog file
   "D:/components/MemBlock/MemBlock/ipcore_dir/tmp/_cg/MemBlo.v" into library
   work
INFO:ProjectMgmt - Parsing design hierarchy completed successfully.
Adding D:/components/MemBlock/MemBlock/ipcore_dir/tmp/_cg/MemBlo.veo -view all
-origin_type imported
Adding
D:/components/MemBlock/MemBlock/ipcore_dir/tmp/_cg/blk_mem_gen_v6_3_readme.txt
-view all -origin_type imported
INFO:TclTasksC:2116 - The automatic calculation of top has been turned-off.
   Please set the new top explicitly by running the "project set top" command.
   To re-calculate the new top automatically, set the "Auto Implementation Top"
   property to true.
Top level has been set to "/MemBlo"
Generating README file...
Generating FLIST file...
INFO:sim:948 - Finished FLIST file generation.
Launching README viewer...
Moving files to output directory...
Finished moving files to output directory
Wrote CGP file for project 'MemBlo'.
