--------------------------------------------------------------------------------
Release 13.4 Trace  (nt64)
Copyright (c) 1995-2011 Xilinx, Inc.  All rights reserved.

C:\Xilinx\13.4\ISE_DS\ISE\bin\nt64\unwrapped\trce.exe -intstyle ise -v 3 -s 4
-n 3 -fastpaths -xml Zero_Extended.twx Zero_Extended.ncd -o Zero_Extended.twr
Zero_Extended.pcf

Design file:              Zero_Extended.ncd
Physical constraint file: Zero_Extended.pcf
Device,package,speed:     xc3s500e,fg320,-4 (PRODUCTION 1.27 2012-01-07)
Report level:             verbose report

Environment Variable      Effect 
--------------------      ------ 
NONE                      No environment variables were set
--------------------------------------------------------------------------------

INFO:Timing:2698 - No timing constraints found, doing default enumeration.
INFO:Timing:3412 - To improve timing, see the Timing Closure User Guide (UG612).
INFO:Timing:2752 - To get complete path coverage, use the unconstrained paths 
   option. All paths that are not constrained will be reported in the 
   unconstrained paths section(s) of the report.
INFO:Timing:3339 - The clock-to-out numbers in this timing report are based on 
   a 50 Ohm transmission line loading model.  For the details of this model, 
   and for more information on accounting for different loading conditions, 
   please see the device datasheet.
INFO:Timing:3390 - This architecture does not support a default System Jitter 
   value, please add SYSTEM_JITTER constraint to the UCF to modify the Clock 
   Uncertainty calculation.
INFO:Timing:3389 - This architecture does not support 'Discrete Jitter' and 
   'Phase Error' calculations, these terms will be zero in the Clock 
   Uncertainty calculation.  Please make appropriate modification to 
   SYSTEM_JITTER to account for the unsupported Discrete Jitter and Phase 
   Error.



Data Sheet report:
-----------------
All values displayed in nanoseconds (ns)

Pad to Pad
---------------+---------------+---------+
Source Pad     |Destination Pad|  Delay  |
---------------+---------------+---------+
DI<0>          |SO<0>          |    4.837|
DI<1>          |SO<1>          |    4.837|
DI<2>          |SO<2>          |    4.837|
DI<3>          |SO<3>          |    4.862|
DI<4>          |SO<4>          |    4.853|
DI<5>          |SO<5>          |    5.120|
DI<6>          |SO<6>          |    5.120|
DI<7>          |SO<7>          |    4.837|
DI<8>          |SO<8>          |    4.835|
DI<9>          |SO<9>          |    4.818|
DI<10>         |SO<10>         |    5.121|
---------------+---------------+---------+


Analysis completed Tue Nov 04 19:40:37 2014 
--------------------------------------------------------------------------------

Trace Settings:
-------------------------
Trace Settings 

Peak Memory Usage: 160 MB



