Command line:
   alu_isim_beh.exe
     -simmode  gui
     -simrunnum  0
     -socket  54100

Tue Nov 04 19:01:17 2014


 Elaboration Time: 0.0312 sec

 Current Memory Usage: 509.227 Meg

 Total Signals          : 2323
 Total Nets             : 623
 Total Signal Drivers   : 580
 Total Blocks           : 448
 Total Primitive Blocks : 367
 Total Processes        : 598
 Total Traceable Variables  : 35
 Total Scalar Nets and Variables : 720
Total Line Count : 133

 Total Simulation Time: 0.0468 sec

 Current Memory Usage: 509.227 Meg

Tue Nov 04 19:01:25 2014

