Release 13.4 - xst O.87xd (nt64)
Copyright (c) 1995-2011 Xilinx, Inc.  All rights reserved.
--> Parameter TMPDIR set to xst/projnav.tmp


Total REAL time to Xst completion: 0.00 secs
Total CPU time to Xst completion: 0.08 secs
 
--> Parameter xsthdpdir set to xst


Total REAL time to Xst completion: 0.00 secs
Total CPU time to Xst completion: 0.08 secs
 
--> Reading design: alu.prj

TABLE OF CONTENTS
  1) Synthesis Options Summary
  2) HDL Compilation
  3) Design Hierarchy Analysis
  4) HDL Analysis
  5) HDL Synthesis
     5.1) HDL Synthesis Report
  6) Advanced HDL Synthesis
     6.1) Advanced HDL Synthesis Report
  7) Low Level Synthesis
  8) Partition Report
  9) Final Report
	9.1) Device utilization summary
	9.2) Partition Resource Summary
	9.3) TIMING REPORT


=========================================================================
*                      Synthesis Options Summary                        *
=========================================================================
---- Source Parameters
Input File Name                    : "alu.prj"
Input Format                       : mixed
Ignore Synthesis Constraint File   : NO

---- Target Parameters
Output File Name                   : "alu"
Output Format                      : NGC
Target Device                      : xc3s500e-4-fg320

---- Source Options
Top Module Name                    : alu
Automatic FSM Extraction           : YES
FSM Encoding Algorithm             : Auto
Safe Implementation                : No
FSM Style                          : LUT
RAM Extraction                     : Yes
RAM Style                          : Auto
ROM Extraction                     : Yes
Mux Style                          : Auto
Decoder Extraction                 : YES
Priority Encoder Extraction        : Yes
Shift Register Extraction          : YES
Logical Shifter Extraction         : YES
XOR Collapsing                     : YES
ROM Style                          : Auto
Mux Extraction                     : Yes
Resource Sharing                   : YES
Asynchronous To Synchronous        : NO
Multiplier Style                   : Auto
Automatic Register Balancing       : No

---- Target Options
Add IO Buffers                     : YES
Global Maximum Fanout              : 100000
Add Generic Clock Buffer(BUFG)     : 24
Register Duplication               : YES
Slice Packing                      : YES
Optimize Instantiated Primitives   : NO
Use Clock Enable                   : Yes
Use Synchronous Set                : Yes
Use Synchronous Reset              : Yes
Pack IO Registers into IOBs        : Auto
Equivalent register Removal        : YES

---- General Options
Optimization Goal                  : Speed
Optimization Effort                : 1
Keep Hierarchy                     : No
Netlist Hierarchy                  : As_Optimized
RTL Output                         : Yes
Global Optimization                : AllClockNets
Read Cores                         : YES
Write Timing Constraints           : NO
Cross Clock Analysis               : NO
Hierarchy Separator                : /
Bus Delimiter                      : <>
Case Specifier                     : Maintain
Slice Utilization Ratio            : 100
BRAM Utilization Ratio             : 100
Verilog 2001                       : YES
Auto BRAM Packing                  : NO
Slice Utilization Ratio Delta      : 5

=========================================================================


=========================================================================
*                          HDL Compilation                              *
=========================================================================
Compiling verilog file "add1b.vf" in library work
Compiling verilog file "SLT.v" in library work
Module <add1b> compiled
Compiling verilog file "Merge.v" in library work
Module <SLT> compiled
Compiling verilog file "alu1b.vf" in library work
Module <Merge> compiled
Module <M2_1E_MXILINX_alu1b> compiled
Module <M4_1E_MXILINX_alu1b> compiled
Module <add1b_MUSER_alu1b> compiled
Compiling verilog file "alu.vf" in library work
Module <alu1b> compiled
Module <M2_1E_MXILINX_alu> compiled
Module <M4_1E_MXILINX_alu> compiled
Module <add1b_MUSER_alu> compiled
Module <alu1b_MUSER_alu> compiled
Module <alu> compiled
No errors in compilation
Analysis of file <"alu.prj"> succeeded.
 

=========================================================================
*                     Design Hierarchy Analysis                         *
=========================================================================
Analyzing hierarchy for module <alu> in library <work>.

Analyzing hierarchy for module <alu1b_MUSER_alu> in library <work>.

Analyzing hierarchy for module <SLT> in library <work>.

Analyzing hierarchy for module <Merge> in library <work>.

Analyzing hierarchy for module <add1b_MUSER_alu> in library <work>.

Analyzing hierarchy for module <M4_1E_MXILINX_alu> in library <work>.

Analyzing hierarchy for module <M2_1E_MXILINX_alu> in library <work>.

Analyzing hierarchy for module <M2_1E_MXILINX_alu> in library <work>.


=========================================================================
*                            HDL Analysis                               *
=========================================================================
Analyzing top module <alu>.
Module <alu> is correct for synthesis.
 
Analyzing module <alu1b_MUSER_alu> in library <work>.
Module <alu1b_MUSER_alu> is correct for synthesis.
 
    Set user-defined property "HU_SET =  XLXI_4_5" for instance <XLXI_4> in unit <alu1b_MUSER_alu>.
Analyzing module <add1b_MUSER_alu> in library <work>.
Module <add1b_MUSER_alu> is correct for synthesis.
 
Analyzing module <M4_1E_MXILINX_alu> in library <work>.
Module <M4_1E_MXILINX_alu> is correct for synthesis.
 
    Set user-defined property "HU_SET =  I_M01_4" for instance <I_M01> in unit <M4_1E_MXILINX_alu>.
    Set user-defined property "HU_SET =  I_M23_3" for instance <I_M23> in unit <M4_1E_MXILINX_alu>.
Analyzing module <M2_1E_MXILINX_alu.1> in library <work>.
Module <M2_1E_MXILINX_alu.1> is correct for synthesis.
 
Analyzing module <M2_1E_MXILINX_alu.2> in library <work>.
Module <M2_1E_MXILINX_alu.2> is correct for synthesis.
 
Analyzing module <SLT> in library <work>.
Module <SLT> is correct for synthesis.
 
Analyzing module <Merge> in library <work>.
Module <Merge> is correct for synthesis.
 

=========================================================================
*                           HDL Synthesis                               *
=========================================================================

Performing bidirectional port resolution...

Synthesizing Unit <SLT>.
    Related source file is "SLT.v".
Unit <SLT> synthesized.


Synthesizing Unit <Merge>.
    Related source file is "Merge.v".
Unit <Merge> synthesized.


Synthesizing Unit <add1b_MUSER_alu>.
    Related source file is "alu.vf".
Unit <add1b_MUSER_alu> synthesized.


Synthesizing Unit <M2_1E_MXILINX_alu_1>.
    Related source file is "alu.vf".
Unit <M2_1E_MXILINX_alu_1> synthesized.


Synthesizing Unit <M2_1E_MXILINX_alu_2>.
    Related source file is "alu.vf".
Unit <M2_1E_MXILINX_alu_2> synthesized.


Synthesizing Unit <M4_1E_MXILINX_alu>.
    Related source file is "alu.vf".
Unit <M4_1E_MXILINX_alu> synthesized.


Synthesizing Unit <alu1b_MUSER_alu>.
    Related source file is "alu.vf".
Unit <alu1b_MUSER_alu> synthesized.


Synthesizing Unit <alu>.
    Related source file is "alu.vf".
Unit <alu> synthesized.


=========================================================================
HDL Synthesis Report

Found no macro
=========================================================================

=========================================================================
*                       Advanced HDL Synthesis                          *
=========================================================================


=========================================================================
Advanced HDL Synthesis Report

Found no macro
=========================================================================

=========================================================================
*                         Low Level Synthesis                           *
=========================================================================

Optimizing unit <alu> ...

Optimizing unit <add1b_MUSER_alu> ...

Optimizing unit <M2_1E_MXILINX_alu_1> ...

Optimizing unit <M2_1E_MXILINX_alu_2> ...

Optimizing unit <M4_1E_MXILINX_alu> ...

Mapping all equations...
Building and optimizing final netlist ...
Found area constraint ratio of 100 (+ 5) on block alu, actual ratio is 0.

Final Macro Processing ...

=========================================================================
Final Register Report

Found no macro
=========================================================================

=========================================================================
*                           Partition Report                            *
=========================================================================

Partition Implementation Status
-------------------------------

  No Partitions were found in this design.

-------------------------------

=========================================================================
*                            Final Report                               *
=========================================================================
Final Results
RTL Top Level Output File Name     : alu.ngr
Top Level Output File Name         : alu
Output Format                      : NGC
Optimization Goal                  : Speed
Keep Hierarchy                     : No

Design Statistics
# IOs                              : 54

Cell Usage :
# BELS                             : 351
#      AND2                        : 66
#      AND2B1                      : 32
#      AND3                        : 50
#      AND3B1                      : 32
#      AND3B2                      : 48
#      AND4                        : 1
#      AND4B4                      : 4
#      GND                         : 1
#      INV                         : 1
#      LUT3                        : 1
#      MUXF5                       : 16
#      OR2                         : 65
#      OR3                         : 16
#      OR4                         : 16
#      VCC                         : 1
#      XOR2                        : 1
# IO Buffers                       : 54
#      IBUF                        : 35
#      OBUF                        : 19
=========================================================================

Device utilization summary:
---------------------------

Selected Device : 3s500efg320-4 

 Number of Slices:                        1  out of   4656     0%  
 Number of 4 input LUTs:                  2  out of   9312     0%  
 Number of IOs:                          54
 Number of bonded IOBs:                  54  out of    232    23%  

---------------------------
Partition Resource Summary:
---------------------------

  No Partitions were found in this design.

---------------------------


=========================================================================
TIMING REPORT

NOTE: THESE TIMING NUMBERS ARE ONLY A SYNTHESIS ESTIMATE.
      FOR ACCURATE TIMING INFORMATION PLEASE REFER TO THE TRACE REPORT
      GENERATED AFTER PLACE-and-ROUTE.

Clock Information:
------------------
No clock signals found in this design

Asynchronous Control Signals Information:
----------------------------------------
No asynchronous control signals found in this design

Timing Summary:
---------------
Speed Grade: -4

   Minimum period: No path found
   Minimum input arrival time before clock: No path found
   Maximum output required time after clock: No path found
   Maximum combinational path delay: 54.108ns

Timing Detail:
--------------
All values displayed in nanoseconds (ns)

=========================================================================
Timing constraint: Default path analysis
  Total number of paths / destination ports: 12975618 / 19
-------------------------------------------------------------------------
Delay:               54.108ns (Levels of Logic = 44)
  Source:            op<2> (PAD)
  Destination:       Result<0> (PAD)

  Data Path: op<2> to Result<0>
                                Gate     Net
    Cell:in->out      fanout   Delay   Delay  Logical Name (Net Name)
    ----------------------------------------  ------------
     IBUF:I->O            40   1.218   1.265  op_2_IBUF (op_2_IBUF)
     AND2B1:I1->O          1   0.704   0.420  XLXI_6/XLXI_8 (XLXI_6/XLXN_59)
     OR2:I1->O             6   0.704   0.669  XLXI_6/XLXI_10 (XLXI_6/XLXN_41)
     AND2:I0->O            1   0.704   0.420  XLXI_6/XLXI_3/XLXI_11 (XLXI_6/XLXI_3/XLXN_14)
     OR3:I1->O             6   0.704   0.669  XLXI_6/XLXI_3/XLXI_5 (XLXN_18)
     AND2:I1->O            1   0.704   0.420  XLXI_7/XLXI_3/XLXI_10 (XLXI_7/XLXI_3/XLXN_13)
     OR3:I2->O             6   0.704   0.669  XLXI_7/XLXI_3/XLXI_5 (XLXN_19)
     AND2:I1->O            1   0.704   0.420  XLXI_8/XLXI_3/XLXI_10 (XLXI_8/XLXI_3/XLXN_13)
     OR3:I2->O             6   0.704   0.669  XLXI_8/XLXI_3/XLXI_5 (XLXN_221)
     AND2:I1->O            1   0.704   0.420  XLXI_9/XLXI_3/XLXI_10 (XLXI_9/XLXI_3/XLXN_13)
     OR3:I2->O             6   0.704   0.669  XLXI_9/XLXI_3/XLXI_5 (XLXN_222)
     AND2:I1->O            1   0.704   0.420  XLXI_44/XLXI_3/XLXI_10 (XLXI_44/XLXI_3/XLXN_13)
     OR3:I2->O             6   0.704   0.669  XLXI_44/XLXI_3/XLXI_5 (XLXN_145)
     AND2:I1->O            1   0.704   0.420  XLXI_45/XLXI_3/XLXI_10 (XLXI_45/XLXI_3/XLXN_13)
     OR3:I2->O             6   0.704   0.669  XLXI_45/XLXI_3/XLXI_5 (XLXN_149)
     AND2:I1->O            1   0.704   0.420  XLXI_46/XLXI_3/XLXI_10 (XLXI_46/XLXI_3/XLXN_13)
     OR3:I2->O             6   0.704   0.669  XLXI_46/XLXI_3/XLXI_5 (XLXN_158)
     AND2:I1->O            1   0.704   0.420  XLXI_47/XLXI_3/XLXI_10 (XLXI_47/XLXI_3/XLXN_13)
     OR3:I2->O             6   0.704   0.669  XLXI_47/XLXI_3/XLXI_5 (XLXN_162)
     AND2:I1->O            1   0.704   0.420  XLXI_48/XLXI_3/XLXI_10 (XLXI_48/XLXI_3/XLXN_13)
     OR3:I2->O             6   0.704   0.669  XLXI_48/XLXI_3/XLXI_5 (XLXN_166)
     AND2:I1->O            1   0.704   0.420  XLXI_49/XLXI_3/XLXI_10 (XLXI_49/XLXI_3/XLXN_13)
     OR3:I2->O             6   0.704   0.669  XLXI_49/XLXI_3/XLXI_5 (XLXN_170)
     AND2:I1->O            1   0.704   0.420  XLXI_50/XLXI_3/XLXI_10 (XLXI_50/XLXI_3/XLXN_13)
     OR3:I2->O             6   0.704   0.669  XLXI_50/XLXI_3/XLXI_5 (XLXN_174)
     AND2:I1->O            1   0.704   0.420  XLXI_51/XLXI_3/XLXI_10 (XLXI_51/XLXI_3/XLXN_13)
     OR3:I2->O             6   0.704   0.669  XLXI_51/XLXI_3/XLXI_5 (XLXN_199)
     AND2:I1->O            1   0.704   0.420  XLXI_52/XLXI_3/XLXI_10 (XLXI_52/XLXI_3/XLXN_13)
     OR3:I2->O             6   0.704   0.669  XLXI_52/XLXI_3/XLXI_5 (XLXN_203)
     AND2:I1->O            1   0.704   0.420  XLXI_53/XLXI_3/XLXI_10 (XLXI_53/XLXI_3/XLXN_13)
     OR3:I2->O             6   0.704   0.669  XLXI_53/XLXI_3/XLXI_5 (XLXN_207)
     AND2:I1->O            1   0.704   0.420  XLXI_54/XLXI_3/XLXI_10 (XLXI_54/XLXI_3/XLXN_13)
     OR3:I2->O             7   0.704   0.708  XLXI_54/XLXI_3/XLXI_5 (XLXN_223)
     AND3B2:I0->O          1   0.704   0.420  XLXI_55/XLXI_3/XLXI_2 (XLXI_55/XLXI_3/XLXN_3)
     OR4:I2->O             2   0.704   0.447  XLXI_55/XLXI_3/XLXI_1 (XLXN_253)
     begin scope: 'XLXI_6/XLXI_4'
     begin scope: 'I_M23'
     AND3:I0->O            1   0.704   0.420  I_36_30 (M1)
     OR2:I0->O             1   0.704   0.000  I_36_38 (O)
     end scope: 'I_M23'
     MUXF5:I1->O           3   0.321   0.566  I_O (O)
     end scope: 'XLXI_6/XLXI_4'
     LUT3:I2->O            1   0.704   0.420  XLXI_34/out11 (XLXN_123)
     AND2:I0->O            1   0.704   0.420  XLXI_38 (XLXN_106)
     OR2:I1->O             1   0.704   0.420  XLXI_39 (Result0)
     OBUF:I->O                 3.272          Result_0_OBUF (Result<0>)
    ----------------------------------------
    Total                     54.108ns (32.267ns logic, 21.841ns route)
                                       (59.6% logic, 40.4% route)

=========================================================================


Total REAL time to Xst completion: 4.00 secs
Total CPU time to Xst completion: 4.35 secs
 
--> 

Total memory usage is 259040 kilobytes

Number of errors   :    0 (   0 filtered)
Number of warnings :    0 (   0 filtered)
Number of infos    :    0 (   0 filtered)

