Release 13.4 Map O.87xd (nt64)
Xilinx Mapping Report File for Design 'Sign_Extended'

Design Information
------------------
Command Line   : map -intstyle ise -p xc3s500e-fg320-4 -cm area -ir off -pr off
-c 100 -o Sign_Extended_map.ncd Sign_Extended.ngd Sign_Extended.pcf 
Target Device  : xc3s500e
Target Package : fg320
Target Speed   : -4
Mapper Version : spartan3e -- $Revision: 1.55 $
Mapped Date    : Wed Oct 29 23:28:34 2014

Design Summary
--------------
Number of errors:      0
Number of warnings:    0
Logic Utilization:
Logic Distribution:
    Number of Slices containing only related logic:       0 out of       0   0%
    Number of Slices containing unrelated logic:          0 out of       0   0%
      *See NOTES below for an explanation of the effects of unrelated logic.
  Number of bonded IOBs:                 27 out of     232   11%

Average Fanout of Non-Clock Nets:                1.45

Peak Memory Usage:  245 MB
Total REAL time to MAP completion:  1 secs 
Total CPU time to MAP completion:   1 secs 

NOTES:

   Related logic is defined as being logic that shares connectivity - e.g. two
   LUTs are "related" if they share common inputs.  When assembling slices,
   Map gives priority to combine logic that is related.  Doing so results in
   the best timing performance.

   Unrelated logic shares no connectivity.  Map will only begin packing
   unrelated logic into a slice once 99% of the slices are occupied through
   related logic packing.

   Note that once logic distribution reaches the 99% level through related
   logic packing, this does not mean the device is completely utilized.
   Unrelated logic packing will then begin, continuing until all usable LUTs
   and FFs are occupied.  Depending on your timing budget, increased levels of
   unrelated logic packing may adversely affect the overall timing performance
   of your design.

Table of Contents
-----------------
Section 1 - Errors
Section 2 - Warnings
Section 3 - Informational
Section 4 - Removed Logic Summary
Section 5 - Removed Logic
Section 6 - IOB Properties
Section 7 - RPMs
Section 8 - Guide Report
Section 9 - Area Group and Partition Summary
Section 10 - Timing Report
Section 11 - Configuration String Information
Section 12 - Control Set Information
Section 13 - Utilization by Hierarchy

Section 1 - Errors
------------------

Section 2 - Warnings
--------------------

Section 3 - Informational
-------------------------
INFO:MapLib:562 - No environment variables are currently set.
INFO:LIT:244 - All of the single ended outputs in this design are using slew
   rate limited output drivers. The delay on speed critical single ended outputs
   can be dramatically reduced by designating them as fast outputs.

Section 4 - Removed Logic Summary
---------------------------------
  18 block(s) optimized away

Section 5 - Removed Logic
-------------------------

Optimized Block(s):
TYPE 		BLOCK
VCC 		XLXI_1
GND 		XLXI_2
BUF 		XLXI_5/XLXI_11
BUF 		XLXI_5/XLXI_12
BUF 		XLXI_5/XLXI_13
BUF 		XLXI_5/XLXI_14
BUF 		XLXI_5/XLXI_15
BUF 		XLXI_7/XLXI_11
BUF 		XLXI_7/XLXI_12
BUF 		XLXI_7/XLXI_13
BUF 		XLXI_7/XLXI_14
BUF 		XLXI_7/XLXI_15
AND3B1 		XLXI_9/XLXI_12/I_36_31
AND3B1 		XLXI_9/XLXI_16/I_36_31
AND3B1 		XLXI_9/XLXI_17/I_36_31
AND3B1 		XLXI_9/XLXI_18/I_36_31
AND3B1 		XLXI_9/XLXI_19/I_36_31
AND3B1 		XLXI_9/XLXI_13/I_36_31

To enable printing of redundant blocks removed and signals merged, set the
detailed map report option and rerun map.

Section 6 - IOB Properties
--------------------------

+---------------------------------------------------------------------------------------------------------------------------------------------------------+
| IOB Name                           | Type             | Direction | IO Standard          | Diff  | Drive    | Slew | Reg (s)      | Resistor | IOB      |
|                                    |                  |           |                      | Term  | Strength | Rate |              |          | Delay    |
+---------------------------------------------------------------------------------------------------------------------------------------------------------+
| Input<0>                           | IBUF             | INPUT     | LVCMOS25             |       |          |      |              |          | 0 / 0    |
| Input<1>                           | IBUF             | INPUT     | LVCMOS25             |       |          |      |              |          | 0 / 0    |
| Input<2>                           | IBUF             | INPUT     | LVCMOS25             |       |          |      |              |          | 0 / 0    |
| Input<3>                           | IBUF             | INPUT     | LVCMOS25             |       |          |      |              |          | 0 / 0    |
| Input<4>                           | IBUF             | INPUT     | LVCMOS25             |       |          |      |              |          | 0 / 0    |
| Input<5>                           | IBUF             | INPUT     | LVCMOS25             |       |          |      |              |          | 0 / 0    |
| Input<6>                           | IBUF             | INPUT     | LVCMOS25             |       |          |      |              |          | 0 / 0    |
| Input<7>                           | IBUF             | INPUT     | LVCMOS25             |       |          |      |              |          | 0 / 0    |
| Input<8>                           | IBUF             | INPUT     | LVCMOS25             |       |          |      |              |          | 0 / 0    |
| Input<9>                           | IBUF             | INPUT     | LVCMOS25             |       |          |      |              |          | 0 / 0    |
| Input<10>                          | IBUF             | INPUT     | LVCMOS25             |       |          |      |              |          | 0 / 0    |
| Output<0>                          | IOB              | OUTPUT    | LVCMOS25             |       | 12       | SLOW |              |          | 0 / 0    |
| Output<1>                          | IOB              | OUTPUT    | LVCMOS25             |       | 12       | SLOW |              |          | 0 / 0    |
| Output<2>                          | IOB              | OUTPUT    | LVCMOS25             |       | 12       | SLOW |              |          | 0 / 0    |
| Output<3>                          | IOB              | OUTPUT    | LVCMOS25             |       | 12       | SLOW |              |          | 0 / 0    |
| Output<4>                          | IOB              | OUTPUT    | LVCMOS25             |       | 12       | SLOW |              |          | 0 / 0    |
| Output<5>                          | IOB              | OUTPUT    | LVCMOS25             |       | 12       | SLOW |              |          | 0 / 0    |
| Output<6>                          | IOB              | OUTPUT    | LVCMOS25             |       | 12       | SLOW |              |          | 0 / 0    |
| Output<7>                          | IOB              | OUTPUT    | LVCMOS25             |       | 12       | SLOW |              |          | 0 / 0    |
| Output<8>                          | IOB              | OUTPUT    | LVCMOS25             |       | 12       | SLOW |              |          | 0 / 0    |
| Output<9>                          | IOB              | OUTPUT    | LVCMOS25             |       | 12       | SLOW |              |          | 0 / 0    |
| Output<10>                         | IOB              | OUTPUT    | LVCMOS25             |       | 12       | SLOW |              |          | 0 / 0    |
| Output<11>                         | IOB              | OUTPUT    | LVCMOS25             |       | 12       | SLOW |              |          | 0 / 0    |
| Output<12>                         | IOB              | OUTPUT    | LVCMOS25             |       | 12       | SLOW |              |          | 0 / 0    |
| Output<13>                         | IOB              | OUTPUT    | LVCMOS25             |       | 12       | SLOW |              |          | 0 / 0    |
| Output<14>                         | IOB              | OUTPUT    | LVCMOS25             |       | 12       | SLOW |              |          | 0 / 0    |
| Output<15>                         | IOB              | OUTPUT    | LVCMOS25             |       | 12       | SLOW |              |          | 0 / 0    |
+---------------------------------------------------------------------------------------------------------------------------------------------------------+

Section 7 - RPMs
----------------

Section 8 - Guide Report
------------------------
Guide not run on this design.

Section 9 - Area Group and Partition Summary
--------------------------------------------

Partition Implementation Status
-------------------------------

  No Partitions were found in this design.

-------------------------------

Area Group Information
----------------------

  No area groups were found in this design.

----------------------

Section 10 - Timing Report
--------------------------
This design was not run using timing mode.

Section 11 - Configuration String Details
-----------------------------------------
Use the "-detail" map option to print out Configuration Strings

Section 12 - Control Set Information
------------------------------------
No control set information for this architecture.

Section 13 - Utilization by Hierarchy
-------------------------------------
Use the "-detail" map option to print out the Utilization by Hierarchy section.
