Release 13.4 Map O.87xd (nt64)
Xilinx Mapping Report File for Design 'DataPath'

Design Information
------------------
Command Line   : map -intstyle ise -p xc3s500e-fg320-4 -cm area -ir off -pr off
-c 100 -o DataPath_map.ncd DataPath.ngd DataPath.pcf 
Target Device  : xc3s500e
Target Package : fg320
Target Speed   : -4
Mapper Version : spartan3e -- $Revision: 1.55 $
Mapped Date    : Thu Nov 13 01:15:42 2014

Design Summary
--------------
Number of errors:      0
Number of warnings:    0
Logic Utilization:
  Number of Slice Flip Flops:           144 out of   9,312    1%
  Number of 4 input LUTs:             1,775 out of   9,312   19%
Logic Distribution:
  Number of occupied Slices:            923 out of   4,656   19%
    Number of Slices containing only related logic:     923 out of     923 100%
    Number of Slices containing unrelated logic:          0 out of     923   0%
      *See NOTES below for an explanation of the effects of unrelated logic.
  Total Number of 4 input LUTs:       1,775 out of   9,312   19%
    Number used as logic:               751
    Number used for 32x1 RAMs:        1,024
      (Two LUTs used per 32x1 RAM)

  The Slice Logic Distribution report is not meaningful if the design is
  over-mapped for a non-slice resource or if Placement fails.

  Number of bonded IOBs:                 12 out of     232    5%
  Number of BUFGMUXs:                     1 out of      24    4%

Average Fanout of Non-Clock Nets:                6.65

Peak Memory Usage:  262 MB
Total REAL time to MAP completion:  2 secs 
Total CPU time to MAP completion:   2 secs 

NOTES:

   Related logic is defined as being logic that shares connectivity - e.g. two
   LUTs are "related" if they share common inputs.  When assembling slices,
   Map gives priority to combine logic that is related.  Doing so results in
   the best timing performance.

   Unrelated logic shares no connectivity.  Map will only begin packing
   unrelated logic into a slice once 99% of the slices are occupied through
   related logic packing.

   Note that once logic distribution reaches the 99% level through related
   logic packing, this does not mean the device is completely utilized.
   Unrelated logic packing will then begin, continuing until all usable LUTs
   and FFs are occupied.  Depending on your timing budget, increased levels of
   unrelated logic packing may adversely affect the overall timing performance
   of your design.

Table of Contents
-----------------
Section 1 - Errors
Section 2 - Warnings
Section 3 - Informational
Section 4 - Removed Logic Summary
Section 5 - Removed Logic
Section 6 - IOB Properties
Section 7 - RPMs
Section 8 - Guide Report
Section 9 - Area Group and Partition Summary
Section 10 - Timing Report
Section 11 - Configuration String Information
Section 12 - Control Set Information
Section 13 - Utilization by Hierarchy

Section 1 - Errors
------------------

Section 2 - Warnings
--------------------

Section 3 - Informational
-------------------------
INFO:LIT:243 - Logical network XLXI_25/XLXI_9/XLXI_19/O has no load.
INFO:LIT:395 - The above info message is repeated 21 more times for the
   following (max. 5 shown):
   XLXI_25/XLXI_9/XLXI_18/O,
   XLXI_25/XLXI_9/XLXI_17/O,
   XLXI_25/XLXI_9/XLXI_16/O,
   XLXI_25/XLXI_9/XLXI_15/O,
   XLXI_25/XLXI_9/XLXI_14/O
   To see the details of these info messages, please use the -detail switch.
INFO:MapLib:562 - No environment variables are currently set.
INFO:LIT:244 - All of the single ended outputs in this design are using slew
   rate limited output drivers. The delay on speed critical single ended outputs
   can be dramatically reduced by designating them as fast outputs.

Section 4 - Removed Logic Summary
---------------------------------
 170 block(s) removed
 305 block(s) optimized away
 172 signal(s) removed

Section 5 - Removed Logic
-------------------------

The trimmed logic report below shows the logic removed from your design due to
sourceless or loadless signals, and VCC or ground connections.  If the removal
of a signal or symbol results in the subsequent removal of an additional signal
or symbol, the message explaining that second removal will be indented.  This
indentation will be repeated as a chain of related logic is removed.

To quickly locate the original cause for the removal of a chain of logic, look
above the place where that logic is listed in the trimming report, then locate
the lines that are least indented (begin at the leftmost edge).

The signal "XLXI_51/XLXI_14/XLXI_6/M0" is sourceless and has been removed.
The signal "XLXI_49/XLXI_14/XLXI_11/M0" is sourceless and has been removed.
The signal "XLXI_25/XLXI_9/XLXI_19/M0" is sourceless and has been removed.
 Sourceless block "XLXI_25/XLXI_9/XLXI_19/I_36_38" (OR) removed.
  The signal "XLXI_25/XLXI_9/XLXI_19/O" is sourceless and has been removed.
The signal "XLXI_25/XLXI_9/XLXI_19/M1" is sourceless and has been removed.
The signal "XLXI_25/XLXI_9/XLXI_18/M0" is sourceless and has been removed.
 Sourceless block "XLXI_25/XLXI_9/XLXI_18/I_36_38" (OR) removed.
  The signal "XLXI_25/XLXI_9/XLXI_18/O" is sourceless and has been removed.
The signal "XLXI_25/XLXI_9/XLXI_18/M1" is sourceless and has been removed.
The signal "XLXI_25/XLXI_9/XLXI_17/M0" is sourceless and has been removed.
 Sourceless block "XLXI_25/XLXI_9/XLXI_17/I_36_38" (OR) removed.
  The signal "XLXI_25/XLXI_9/XLXI_17/O" is sourceless and has been removed.
The signal "XLXI_25/XLXI_9/XLXI_17/M1" is sourceless and has been removed.
The signal "XLXI_25/XLXI_9/XLXI_16/M0" is sourceless and has been removed.
 Sourceless block "XLXI_25/XLXI_9/XLXI_16/I_36_38" (OR) removed.
  The signal "XLXI_25/XLXI_9/XLXI_16/O" is sourceless and has been removed.
The signal "XLXI_25/XLXI_9/XLXI_16/M1" is sourceless and has been removed.
The signal "XLXI_25/XLXI_9/XLXI_15/M0" is sourceless and has been removed.
 Sourceless block "XLXI_25/XLXI_9/XLXI_15/I_36_38" (OR) removed.
  The signal "XLXI_25/XLXI_9/XLXI_15/O" is sourceless and has been removed.
The signal "XLXI_25/XLXI_9/XLXI_15/M1" is sourceless and has been removed.
The signal "XLXI_25/XLXI_9/XLXI_14/M0" is sourceless and has been removed.
 Sourceless block "XLXI_25/XLXI_9/XLXI_14/I_36_38" (OR) removed.
  The signal "XLXI_25/XLXI_9/XLXI_14/O" is sourceless and has been removed.
The signal "XLXI_25/XLXI_9/XLXI_14/M1" is sourceless and has been removed.
The signal "XLXI_25/XLXI_9/XLXI_13/M0" is sourceless and has been removed.
 Sourceless block "XLXI_25/XLXI_9/XLXI_13/I_36_38" (OR) removed.
  The signal "XLXI_25/XLXI_9/XLXI_13/O" is sourceless and has been removed.
The signal "XLXI_25/XLXI_9/XLXI_13/M1" is sourceless and has been removed.
The signal "XLXI_25/XLXI_9/XLXI_12/M0" is sourceless and has been removed.
 Sourceless block "XLXI_25/XLXI_9/XLXI_12/I_36_38" (OR) removed.
  The signal "XLXI_25/XLXI_9/XLXI_12/O" is sourceless and has been removed.
The signal "XLXI_25/XLXI_9/XLXI_12/M1" is sourceless and has been removed.
The signal "XLXI_25/XLXI_9/XLXI_11/M0" is sourceless and has been removed.
 Sourceless block "XLXI_25/XLXI_9/XLXI_11/I_36_38" (OR) removed.
  The signal "XLXI_25/XLXI_9/XLXI_11/O" is sourceless and has been removed.
The signal "XLXI_25/XLXI_9/XLXI_11/M1" is sourceless and has been removed.
The signal "XLXI_25/XLXI_9/XLXI_10/M0" is sourceless and has been removed.
 Sourceless block "XLXI_25/XLXI_9/XLXI_10/I_36_38" (OR) removed.
  The signal "XLXI_25/XLXI_9/XLXI_10/O" is sourceless and has been removed.
The signal "XLXI_25/XLXI_9/XLXI_10/M1" is sourceless and has been removed.
The signal "XLXI_25/XLXI_9/XLXI_9/M0" is sourceless and has been removed.
 Sourceless block "XLXI_25/XLXI_9/XLXI_9/I_36_38" (OR) removed.
  The signal "XLXI_25/XLXI_9/XLXI_9/O" is sourceless and has been removed.
The signal "XLXI_25/XLXI_9/XLXI_9/M1" is sourceless and has been removed.
The signal "XLXI_25/XLXI_9/XLXI_8/M0" is sourceless and has been removed.
 Sourceless block "XLXI_25/XLXI_9/XLXI_8/I_36_38" (OR) removed.
  The signal "XLXI_25/XLXI_9/XLXI_8/O" is sourceless and has been removed.
The signal "XLXI_25/XLXI_9/XLXI_8/M1" is sourceless and has been removed.
The signal "XLXI_25/XLXI_9/XLXI_7/M0" is sourceless and has been removed.
 Sourceless block "XLXI_25/XLXI_9/XLXI_7/I_36_38" (OR) removed.
  The signal "XLXI_25/XLXI_9/XLXI_7/O" is sourceless and has been removed.
The signal "XLXI_25/XLXI_9/XLXI_7/M1" is sourceless and has been removed.
The signal "XLXI_25/XLXI_9/XLXI_6/M0" is sourceless and has been removed.
 Sourceless block "XLXI_25/XLXI_9/XLXI_6/I_36_38" (OR) removed.
  The signal "XLXI_25/XLXI_9/XLXI_6/O" is sourceless and has been removed.
The signal "XLXI_25/XLXI_9/XLXI_6/M1" is sourceless and has been removed.
The signal "XLXI_25/XLXI_9/XLXI_5/M0" is sourceless and has been removed.
 Sourceless block "XLXI_25/XLXI_9/XLXI_5/I_36_38" (OR) removed.
  The signal "XLXI_25/XLXI_9/XLXI_5/O" is sourceless and has been removed.
The signal "XLXI_25/XLXI_9/XLXI_5/M1" is sourceless and has been removed.
The signal "XLXI_25/XLXI_9/XLXI_4/M0" is sourceless and has been removed.
 Sourceless block "XLXI_25/XLXI_9/XLXI_4/I_36_38" (OR) removed.
  The signal "XLXI_25/XLXI_9/XLXI_4/O" is sourceless and has been removed.
The signal "XLXI_25/XLXI_9/XLXI_4/M1" is sourceless and has been removed.
The signal "XLXI_41/XLXI_35/M01" is sourceless and has been removed.
 Sourceless block "XLXI_41/XLXI_35/I_M03" (MUX) removed.
  The signal "XLXI_41/XLXI_35/I_M03/O" is sourceless and has been removed.
The signal "XLXI_41/XLXI_35/M23" is sourceless and has been removed.
The signal "XLXI_41/XLXI_35/M45" is sourceless and has been removed.
 Sourceless block "XLXI_41/XLXI_35/I_M47" (MUX) removed.
  The signal "XLXI_41/XLXI_35/I_M47/O" is sourceless and has been removed.
The signal "XLXI_41/XLXI_35/M67" is sourceless and has been removed.
The signal "XLXI_41/XLXI_35/O" is sourceless and has been removed.
The signal "XLXI_41/XLXI_35/I_M01/M0" is sourceless and has been removed.
 Sourceless block "XLXI_41/XLXI_35/I_M01/I_36_38" (OR) removed.
The signal "XLXI_41/XLXI_35/I_M01/M1" is sourceless and has been removed.
The signal "XLXI_41/XLXI_35/I_M23/M0" is sourceless and has been removed.
 Sourceless block "XLXI_41/XLXI_35/I_M23/I_36_38" (OR) removed.
The signal "XLXI_41/XLXI_35/I_M23/M1" is sourceless and has been removed.
The signal "XLXI_41/XLXI_35/I_M45/M0" is sourceless and has been removed.
 Sourceless block "XLXI_41/XLXI_35/I_M45/I_36_38" (OR) removed.
The signal "XLXI_41/XLXI_35/I_M45/M1" is sourceless and has been removed.
The signal "XLXI_41/XLXI_35/I_M67/M0" is sourceless and has been removed.
 Sourceless block "XLXI_41/XLXI_35/I_M67/I_36_38" (OR) removed.
The signal "XLXI_41/XLXI_35/I_M67/M1" is sourceless and has been removed.
The signal "XLXI_41/XLXI_34/M01" is sourceless and has been removed.
 Sourceless block "XLXI_41/XLXI_34/I_M03" (MUX) removed.
  The signal "XLXI_41/XLXI_34/I_M03/O" is sourceless and has been removed.
The signal "XLXI_41/XLXI_34/M23" is sourceless and has been removed.
The signal "XLXI_41/XLXI_34/M45" is sourceless and has been removed.
 Sourceless block "XLXI_41/XLXI_34/I_M47" (MUX) removed.
  The signal "XLXI_41/XLXI_34/I_M47/O" is sourceless and has been removed.
The signal "XLXI_41/XLXI_34/M67" is sourceless and has been removed.
The signal "XLXI_41/XLXI_34/O" is sourceless and has been removed.
The signal "XLXI_41/XLXI_34/I_M01/M0" is sourceless and has been removed.
 Sourceless block "XLXI_41/XLXI_34/I_M01/I_36_38" (OR) removed.
The signal "XLXI_41/XLXI_34/I_M01/M1" is sourceless and has been removed.
The signal "XLXI_41/XLXI_34/I_M23/M0" is sourceless and has been removed.
 Sourceless block "XLXI_41/XLXI_34/I_M23/I_36_38" (OR) removed.
The signal "XLXI_41/XLXI_34/I_M23/M1" is sourceless and has been removed.
The signal "XLXI_41/XLXI_34/I_M45/M0" is sourceless and has been removed.
 Sourceless block "XLXI_41/XLXI_34/I_M45/I_36_38" (OR) removed.
The signal "XLXI_41/XLXI_34/I_M45/M1" is sourceless and has been removed.
The signal "XLXI_41/XLXI_34/I_M67/M0" is sourceless and has been removed.
 Sourceless block "XLXI_41/XLXI_34/I_M67/I_36_38" (OR) removed.
The signal "XLXI_41/XLXI_34/I_M67/M1" is sourceless and has been removed.
The signal "XLXI_41/XLXI_33/M01" is sourceless and has been removed.
 Sourceless block "XLXI_41/XLXI_33/I_M03" (MUX) removed.
  The signal "XLXI_41/XLXI_33/I_M03/O" is sourceless and has been removed.
The signal "XLXI_41/XLXI_33/M23" is sourceless and has been removed.
The signal "XLXI_41/XLXI_33/M45" is sourceless and has been removed.
 Sourceless block "XLXI_41/XLXI_33/I_M47" (MUX) removed.
  The signal "XLXI_41/XLXI_33/I_M47/O" is sourceless and has been removed.
The signal "XLXI_41/XLXI_33/M67" is sourceless and has been removed.
The signal "XLXI_41/XLXI_33/O" is sourceless and has been removed.
The signal "XLXI_41/XLXI_33/I_M01/M0" is sourceless and has been removed.
 Sourceless block "XLXI_41/XLXI_33/I_M01/I_36_38" (OR) removed.
The signal "XLXI_41/XLXI_33/I_M01/M1" is sourceless and has been removed.
The signal "XLXI_41/XLXI_33/I_M23/M0" is sourceless and has been removed.
 Sourceless block "XLXI_41/XLXI_33/I_M23/I_36_38" (OR) removed.
The signal "XLXI_41/XLXI_33/I_M23/M1" is sourceless and has been removed.
The signal "XLXI_41/XLXI_33/I_M45/M0" is sourceless and has been removed.
 Sourceless block "XLXI_41/XLXI_33/I_M45/I_36_38" (OR) removed.
The signal "XLXI_41/XLXI_33/I_M45/M1" is sourceless and has been removed.
The signal "XLXI_41/XLXI_33/I_M67/M0" is sourceless and has been removed.
 Sourceless block "XLXI_41/XLXI_33/I_M67/I_36_38" (OR) removed.
The signal "XLXI_41/XLXI_33/I_M67/M1" is sourceless and has been removed.
The signal "XLXI_41/XLXI_32/M01" is sourceless and has been removed.
 Sourceless block "XLXI_41/XLXI_32/I_M03" (MUX) removed.
  The signal "XLXI_41/XLXI_32/I_M03/O" is sourceless and has been removed.
The signal "XLXI_41/XLXI_32/M23" is sourceless and has been removed.
The signal "XLXI_41/XLXI_32/M45" is sourceless and has been removed.
 Sourceless block "XLXI_41/XLXI_32/I_M47" (MUX) removed.
  The signal "XLXI_41/XLXI_32/I_M47/O" is sourceless and has been removed.
The signal "XLXI_41/XLXI_32/M67" is sourceless and has been removed.
The signal "XLXI_41/XLXI_32/O" is sourceless and has been removed.
The signal "XLXI_41/XLXI_32/I_M01/M0" is sourceless and has been removed.
 Sourceless block "XLXI_41/XLXI_32/I_M01/I_36_38" (OR) removed.
The signal "XLXI_41/XLXI_32/I_M01/M1" is sourceless and has been removed.
The signal "XLXI_41/XLXI_32/I_M23/M0" is sourceless and has been removed.
 Sourceless block "XLXI_41/XLXI_32/I_M23/I_36_38" (OR) removed.
The signal "XLXI_41/XLXI_32/I_M23/M1" is sourceless and has been removed.
The signal "XLXI_41/XLXI_32/I_M45/M0" is sourceless and has been removed.
 Sourceless block "XLXI_41/XLXI_32/I_M45/I_36_38" (OR) removed.
The signal "XLXI_41/XLXI_32/I_M45/M1" is sourceless and has been removed.
The signal "XLXI_41/XLXI_32/I_M67/M0" is sourceless and has been removed.
 Sourceless block "XLXI_41/XLXI_32/I_M67/I_36_38" (OR) removed.
The signal "XLXI_41/XLXI_32/I_M67/M1" is sourceless and has been removed.
The signal "XLXI_41/XLXI_31/M01" is sourceless and has been removed.
 Sourceless block "XLXI_41/XLXI_31/I_M03" (MUX) removed.
  The signal "XLXI_41/XLXI_31/I_M03/O" is sourceless and has been removed.
The signal "XLXI_41/XLXI_31/M23" is sourceless and has been removed.
The signal "XLXI_41/XLXI_31/M45" is sourceless and has been removed.
 Sourceless block "XLXI_41/XLXI_31/I_M47" (MUX) removed.
  The signal "XLXI_41/XLXI_31/I_M47/O" is sourceless and has been removed.
The signal "XLXI_41/XLXI_31/M67" is sourceless and has been removed.
The signal "XLXI_41/XLXI_31/O" is sourceless and has been removed.
The signal "XLXI_41/XLXI_31/I_M01/M0" is sourceless and has been removed.
 Sourceless block "XLXI_41/XLXI_31/I_M01/I_36_38" (OR) removed.
The signal "XLXI_41/XLXI_31/I_M01/M1" is sourceless and has been removed.
The signal "XLXI_41/XLXI_31/I_M23/M0" is sourceless and has been removed.
 Sourceless block "XLXI_41/XLXI_31/I_M23/I_36_38" (OR) removed.
The signal "XLXI_41/XLXI_31/I_M23/M1" is sourceless and has been removed.
The signal "XLXI_41/XLXI_31/I_M45/M0" is sourceless and has been removed.
 Sourceless block "XLXI_41/XLXI_31/I_M45/I_36_38" (OR) removed.
The signal "XLXI_41/XLXI_31/I_M45/M1" is sourceless and has been removed.
The signal "XLXI_41/XLXI_31/I_M67/M0" is sourceless and has been removed.
 Sourceless block "XLXI_41/XLXI_31/I_M67/I_36_38" (OR) removed.
The signal "XLXI_41/XLXI_31/I_M67/M1" is sourceless and has been removed.
The signal "XLXI_41/XLXI_30/M01" is sourceless and has been removed.
 Sourceless block "XLXI_41/XLXI_30/I_M03" (MUX) removed.
  The signal "XLXI_41/XLXI_30/I_M03/O" is sourceless and has been removed.
The signal "XLXI_41/XLXI_30/M23" is sourceless and has been removed.
The signal "XLXI_41/XLXI_30/M45" is sourceless and has been removed.
 Sourceless block "XLXI_41/XLXI_30/I_M47" (MUX) removed.
  The signal "XLXI_41/XLXI_30/I_M47/O" is sourceless and has been removed.
The signal "XLXI_41/XLXI_30/M67" is sourceless and has been removed.
The signal "XLXI_41/XLXI_30/O" is sourceless and has been removed.
The signal "XLXI_41/XLXI_30/I_M01/M0" is sourceless and has been removed.
 Sourceless block "XLXI_41/XLXI_30/I_M01/I_36_38" (OR) removed.
The signal "XLXI_41/XLXI_30/I_M01/M1" is sourceless and has been removed.
The signal "XLXI_41/XLXI_30/I_M23/M0" is sourceless and has been removed.
 Sourceless block "XLXI_41/XLXI_30/I_M23/I_36_38" (OR) removed.
The signal "XLXI_41/XLXI_30/I_M23/M1" is sourceless and has been removed.
The signal "XLXI_41/XLXI_30/I_M45/M0" is sourceless and has been removed.
 Sourceless block "XLXI_41/XLXI_30/I_M45/I_36_38" (OR) removed.
The signal "XLXI_41/XLXI_30/I_M45/M1" is sourceless and has been removed.
The signal "XLXI_41/XLXI_30/I_M67/M0" is sourceless and has been removed.
 Sourceless block "XLXI_41/XLXI_30/I_M67/I_36_38" (OR) removed.
The signal "XLXI_41/XLXI_30/I_M67/M1" is sourceless and has been removed.

The trimmed logic reported below is either:
   1. part of a cycle
   2. part of disabled logic
   3. a side-effect of other trimmed logic

The signal "XLXI_25/XLXN_17<0>" is unused and has been removed.
 Unused block "XLXI_25/XLXI_5/XLXI_16" (BUF) removed.
The signal "XLXI_25/XLXN_17<10>" is unused and has been removed.
 Unused block "XLXI_25/XLXI_5/XLXI_10" (BUF) removed.
The signal "XLXI_25/XLXN_17<11>" is unused and has been removed.
 Unused block "XLXI_25/XLXI_5/XLXI_11" (BUF) removed.
The signal "XLXI_25/XLXN_17<12>" is unused and has been removed.
 Unused block "XLXI_25/XLXI_5/XLXI_12" (BUF) removed.
The signal "XLXI_25/XLXN_17<13>" is unused and has been removed.
 Unused block "XLXI_25/XLXI_5/XLXI_13" (BUF) removed.
The signal "XLXI_25/XLXN_17<14>" is unused and has been removed.
 Unused block "XLXI_25/XLXI_5/XLXI_14" (BUF) removed.
The signal "XLXI_25/XLXN_17<15>" is unused and has been removed.
 Unused block "XLXI_25/XLXI_5/XLXI_15" (BUF) removed.
The signal "XLXI_25/XLXN_17<1>" is unused and has been removed.
 Unused block "XLXI_25/XLXI_5/XLXI_1" (BUF) removed.
The signal "XLXI_25/XLXN_17<2>" is unused and has been removed.
 Unused block "XLXI_25/XLXI_5/XLXI_2" (BUF) removed.
The signal "XLXI_25/XLXN_17<3>" is unused and has been removed.
 Unused block "XLXI_25/XLXI_5/XLXI_3" (BUF) removed.
The signal "XLXI_25/XLXN_17<4>" is unused and has been removed.
 Unused block "XLXI_25/XLXI_5/XLXI_4" (BUF) removed.
The signal "XLXI_25/XLXN_17<5>" is unused and has been removed.
 Unused block "XLXI_25/XLXI_5/XLXI_5" (BUF) removed.
The signal "XLXI_25/XLXN_17<6>" is unused and has been removed.
 Unused block "XLXI_25/XLXI_5/XLXI_6" (BUF) removed.
The signal "XLXI_25/XLXN_17<7>" is unused and has been removed.
 Unused block "XLXI_25/XLXI_5/XLXI_7" (BUF) removed.
The signal "XLXI_25/XLXN_17<8>" is unused and has been removed.
 Unused block "XLXI_25/XLXI_5/XLXI_8" (BUF) removed.
The signal "XLXI_25/XLXN_17<9>" is unused and has been removed.
 Unused block "XLXI_25/XLXI_5/XLXI_9" (BUF) removed.
The signal "XLXI_25/XLXN_18<0>" is unused and has been removed.
 Unused block "XLXI_25/XLXI_7/XLXI_16" (BUF) removed.
The signal "XLXI_25/XLXN_18<10>" is unused and has been removed.
 Unused block "XLXI_25/XLXI_7/XLXI_10" (BUF) removed.
The signal "XLXI_25/XLXN_18<11>" is unused and has been removed.
 Unused block "XLXI_25/XLXI_7/XLXI_11" (BUF) removed.
The signal "XLXI_25/XLXN_18<12>" is unused and has been removed.
 Unused block "XLXI_25/XLXI_7/XLXI_12" (BUF) removed.
The signal "XLXI_25/XLXN_18<13>" is unused and has been removed.
 Unused block "XLXI_25/XLXI_7/XLXI_13" (BUF) removed.
The signal "XLXI_25/XLXN_18<14>" is unused and has been removed.
 Unused block "XLXI_25/XLXI_7/XLXI_14" (BUF) removed.
The signal "XLXI_25/XLXN_18<15>" is unused and has been removed.
 Unused block "XLXI_25/XLXI_7/XLXI_15" (BUF) removed.
The signal "XLXI_25/XLXN_18<1>" is unused and has been removed.
 Unused block "XLXI_25/XLXI_7/XLXI_1" (BUF) removed.
The signal "XLXI_25/XLXN_18<2>" is unused and has been removed.
 Unused block "XLXI_25/XLXI_7/XLXI_2" (BUF) removed.
The signal "XLXI_25/XLXN_18<3>" is unused and has been removed.
 Unused block "XLXI_25/XLXI_7/XLXI_3" (BUF) removed.
The signal "XLXI_25/XLXN_18<4>" is unused and has been removed.
 Unused block "XLXI_25/XLXI_7/XLXI_4" (BUF) removed.
The signal "XLXI_25/XLXN_18<5>" is unused and has been removed.
 Unused block "XLXI_25/XLXI_7/XLXI_5" (BUF) removed.
The signal "XLXI_25/XLXN_18<6>" is unused and has been removed.
 Unused block "XLXI_25/XLXI_7/XLXI_6" (BUF) removed.
The signal "XLXI_25/XLXN_18<7>" is unused and has been removed.
 Unused block "XLXI_25/XLXI_7/XLXI_7" (BUF) removed.
The signal "XLXI_25/XLXN_18<8>" is unused and has been removed.
 Unused block "XLXI_25/XLXI_7/XLXI_8" (BUF) removed.
The signal "XLXI_25/XLXN_18<9>" is unused and has been removed.
 Unused block "XLXI_25/XLXI_7/XLXI_9" (BUF) removed.
Unused block "XLXI_25/XLXI_9/XLXI_10/I_36_30" (AND) removed.
Unused block "XLXI_25/XLXI_9/XLXI_10/I_36_31" (AND) removed.
Unused block "XLXI_25/XLXI_9/XLXI_11/I_36_30" (AND) removed.
Unused block "XLXI_25/XLXI_9/XLXI_11/I_36_31" (AND) removed.
Unused block "XLXI_25/XLXI_9/XLXI_12/I_36_30" (AND) removed.
Unused block "XLXI_25/XLXI_9/XLXI_12/I_36_31" (AND) removed.
Unused block "XLXI_25/XLXI_9/XLXI_13/I_36_30" (AND) removed.
Unused block "XLXI_25/XLXI_9/XLXI_13/I_36_31" (AND) removed.
Unused block "XLXI_25/XLXI_9/XLXI_14/I_36_30" (AND) removed.
Unused block "XLXI_25/XLXI_9/XLXI_14/I_36_31" (AND) removed.
Unused block "XLXI_25/XLXI_9/XLXI_15/I_36_30" (AND) removed.
Unused block "XLXI_25/XLXI_9/XLXI_15/I_36_31" (AND) removed.
Unused block "XLXI_25/XLXI_9/XLXI_16/I_36_30" (AND) removed.
Unused block "XLXI_25/XLXI_9/XLXI_16/I_36_31" (AND) removed.
Unused block "XLXI_25/XLXI_9/XLXI_17/I_36_30" (AND) removed.
Unused block "XLXI_25/XLXI_9/XLXI_17/I_36_31" (AND) removed.
Unused block "XLXI_25/XLXI_9/XLXI_18/I_36_30" (AND) removed.
Unused block "XLXI_25/XLXI_9/XLXI_18/I_36_31" (AND) removed.
Unused block "XLXI_25/XLXI_9/XLXI_19/I_36_30" (AND) removed.
Unused block "XLXI_25/XLXI_9/XLXI_19/I_36_31" (AND) removed.
Unused block "XLXI_25/XLXI_9/XLXI_4/I_36_30" (AND) removed.
Unused block "XLXI_25/XLXI_9/XLXI_4/I_36_31" (AND) removed.
Unused block "XLXI_25/XLXI_9/XLXI_5/I_36_30" (AND) removed.
Unused block "XLXI_25/XLXI_9/XLXI_5/I_36_31" (AND) removed.
Unused block "XLXI_25/XLXI_9/XLXI_6/I_36_30" (AND) removed.
Unused block "XLXI_25/XLXI_9/XLXI_6/I_36_31" (AND) removed.
Unused block "XLXI_25/XLXI_9/XLXI_7/I_36_30" (AND) removed.
Unused block "XLXI_25/XLXI_9/XLXI_7/I_36_31" (AND) removed.
Unused block "XLXI_25/XLXI_9/XLXI_8/I_36_30" (AND) removed.
Unused block "XLXI_25/XLXI_9/XLXI_8/I_36_31" (AND) removed.
Unused block "XLXI_25/XLXI_9/XLXI_9/I_36_30" (AND) removed.
Unused block "XLXI_25/XLXI_9/XLXI_9/I_36_31" (AND) removed.
Unused block "XLXI_41/XLXI_30/I_M01/I_36_30" (AND) removed.
Unused block "XLXI_41/XLXI_30/I_M01/I_36_31" (AND) removed.
Unused block "XLXI_41/XLXI_30/I_M23/I_36_30" (AND) removed.
Unused block "XLXI_41/XLXI_30/I_M23/I_36_31" (AND) removed.
Unused block "XLXI_41/XLXI_30/I_M45/I_36_30" (AND) removed.
Unused block "XLXI_41/XLXI_30/I_M45/I_36_31" (AND) removed.
Unused block "XLXI_41/XLXI_30/I_M67/I_36_30" (AND) removed.
Unused block "XLXI_41/XLXI_30/I_M67/I_36_31" (AND) removed.
Unused block "XLXI_41/XLXI_30/I_O" (MUX) removed.
Unused block "XLXI_41/XLXI_31/I_M01/I_36_30" (AND) removed.
Unused block "XLXI_41/XLXI_31/I_M01/I_36_31" (AND) removed.
Unused block "XLXI_41/XLXI_31/I_M23/I_36_30" (AND) removed.
Unused block "XLXI_41/XLXI_31/I_M23/I_36_31" (AND) removed.
Unused block "XLXI_41/XLXI_31/I_M45/I_36_30" (AND) removed.
Unused block "XLXI_41/XLXI_31/I_M45/I_36_31" (AND) removed.
Unused block "XLXI_41/XLXI_31/I_M67/I_36_30" (AND) removed.
Unused block "XLXI_41/XLXI_31/I_M67/I_36_31" (AND) removed.
Unused block "XLXI_41/XLXI_31/I_O" (MUX) removed.
Unused block "XLXI_41/XLXI_32/I_M01/I_36_30" (AND) removed.
Unused block "XLXI_41/XLXI_32/I_M01/I_36_31" (AND) removed.
Unused block "XLXI_41/XLXI_32/I_M23/I_36_30" (AND) removed.
Unused block "XLXI_41/XLXI_32/I_M23/I_36_31" (AND) removed.
Unused block "XLXI_41/XLXI_32/I_M45/I_36_30" (AND) removed.
Unused block "XLXI_41/XLXI_32/I_M45/I_36_31" (AND) removed.
Unused block "XLXI_41/XLXI_32/I_M67/I_36_30" (AND) removed.
Unused block "XLXI_41/XLXI_32/I_M67/I_36_31" (AND) removed.
Unused block "XLXI_41/XLXI_32/I_O" (MUX) removed.
Unused block "XLXI_41/XLXI_33/I_M01/I_36_30" (AND) removed.
Unused block "XLXI_41/XLXI_33/I_M01/I_36_31" (AND) removed.
Unused block "XLXI_41/XLXI_33/I_M23/I_36_30" (AND) removed.
Unused block "XLXI_41/XLXI_33/I_M23/I_36_31" (AND) removed.
Unused block "XLXI_41/XLXI_33/I_M45/I_36_30" (AND) removed.
Unused block "XLXI_41/XLXI_33/I_M45/I_36_31" (AND) removed.
Unused block "XLXI_41/XLXI_33/I_M67/I_36_30" (AND) removed.
Unused block "XLXI_41/XLXI_33/I_M67/I_36_31" (AND) removed.
Unused block "XLXI_41/XLXI_33/I_O" (MUX) removed.
Unused block "XLXI_41/XLXI_34/I_M01/I_36_30" (AND) removed.
Unused block "XLXI_41/XLXI_34/I_M01/I_36_31" (AND) removed.
Unused block "XLXI_41/XLXI_34/I_M23/I_36_30" (AND) removed.
Unused block "XLXI_41/XLXI_34/I_M23/I_36_31" (AND) removed.
Unused block "XLXI_41/XLXI_34/I_M45/I_36_30" (AND) removed.
Unused block "XLXI_41/XLXI_34/I_M45/I_36_31" (AND) removed.
Unused block "XLXI_41/XLXI_34/I_M67/I_36_30" (AND) removed.
Unused block "XLXI_41/XLXI_34/I_M67/I_36_31" (AND) removed.
Unused block "XLXI_41/XLXI_34/I_O" (MUX) removed.
Unused block "XLXI_41/XLXI_35/I_M01/I_36_30" (AND) removed.
Unused block "XLXI_41/XLXI_35/I_M01/I_36_31" (AND) removed.
Unused block "XLXI_41/XLXI_35/I_M23/I_36_30" (AND) removed.
Unused block "XLXI_41/XLXI_35/I_M23/I_36_31" (AND) removed.
Unused block "XLXI_41/XLXI_35/I_M45/I_36_30" (AND) removed.
Unused block "XLXI_41/XLXI_35/I_M45/I_36_31" (AND) removed.
Unused block "XLXI_41/XLXI_35/I_M67/I_36_30" (AND) removed.
Unused block "XLXI_41/XLXI_35/I_M67/I_36_31" (AND) removed.
Unused block "XLXI_41/XLXI_35/I_O" (MUX) removed.

Optimized Block(s):
TYPE 		BLOCK
AND3B1 		XLXI_23/XLXI_1/I_M01/I_36_31
AND3B1 		XLXI_23/XLXI_1/I_M23/I_36_31
AND3 		XLXI_23/XLXI_1/I_M45/I_36_30
AND3 		XLXI_23/XLXI_1/I_M67/I_36_30
AND3B1 		XLXI_23/XLXI_1/I_M67/I_36_31
OR2 		XLXI_23/XLXI_1/I_M67/I_36_38
AND3B1 		XLXI_23/XLXI_10/I_M01/I_36_31
AND3B1 		XLXI_23/XLXI_10/I_M23/I_36_31
AND3 		XLXI_23/XLXI_10/I_M45/I_36_30
AND3 		XLXI_23/XLXI_10/I_M67/I_36_30
AND3B1 		XLXI_23/XLXI_10/I_M67/I_36_31
OR2 		XLXI_23/XLXI_10/I_M67/I_36_38
AND3B1 		XLXI_23/XLXI_11/I_M01/I_36_31
AND3B1 		XLXI_23/XLXI_11/I_M23/I_36_31
AND3 		XLXI_23/XLXI_11/I_M45/I_36_30
AND3 		XLXI_23/XLXI_11/I_M67/I_36_30
AND3B1 		XLXI_23/XLXI_11/I_M67/I_36_31
OR2 		XLXI_23/XLXI_11/I_M67/I_36_38
AND3B1 		XLXI_23/XLXI_24/I_M01/I_36_31
AND3B1 		XLXI_23/XLXI_24/I_M23/I_36_31
AND3 		XLXI_23/XLXI_24/I_M45/I_36_30
AND3 		XLXI_23/XLXI_24/I_M67/I_36_30
AND3B1 		XLXI_23/XLXI_24/I_M67/I_36_31
OR2 		XLXI_23/XLXI_24/I_M67/I_36_38
AND3B1 		XLXI_23/XLXI_25/I_M01/I_36_31
AND3B1 		XLXI_23/XLXI_25/I_M23/I_36_31
AND3 		XLXI_23/XLXI_25/I_M45/I_36_30
AND3 		XLXI_23/XLXI_25/I_M67/I_36_30
AND3B1 		XLXI_23/XLXI_25/I_M67/I_36_31
OR2 		XLXI_23/XLXI_25/I_M67/I_36_38
AND3B1 		XLXI_23/XLXI_26/I_M01/I_36_31
AND3B1 		XLXI_23/XLXI_26/I_M23/I_36_31
AND3 		XLXI_23/XLXI_26/I_M45/I_36_30
AND3 		XLXI_23/XLXI_26/I_M67/I_36_30
AND3B1 		XLXI_23/XLXI_26/I_M67/I_36_31
OR2 		XLXI_23/XLXI_26/I_M67/I_36_38
AND3B1 		XLXI_23/XLXI_27/I_M01/I_36_31
AND3B1 		XLXI_23/XLXI_27/I_M23/I_36_31
AND3 		XLXI_23/XLXI_27/I_M45/I_36_30
AND3 		XLXI_23/XLXI_27/I_M67/I_36_30
AND3B1 		XLXI_23/XLXI_27/I_M67/I_36_31
OR2 		XLXI_23/XLXI_27/I_M67/I_36_38
AND3B1 		XLXI_23/XLXI_28/I_M01/I_36_31
AND3 		XLXI_23/XLXI_28/I_M45/I_36_30
AND3 		XLXI_23/XLXI_28/I_M67/I_36_30
AND3B1 		XLXI_23/XLXI_28/I_M67/I_36_31
OR2 		XLXI_23/XLXI_28/I_M67/I_36_38
AND3B1 		XLXI_23/XLXI_29/I_M01/I_36_31
AND3 		XLXI_23/XLXI_29/I_M45/I_36_30
AND3 		XLXI_23/XLXI_29/I_M67/I_36_30
AND3B1 		XLXI_23/XLXI_29/I_M67/I_36_31
OR2 		XLXI_23/XLXI_29/I_M67/I_36_38
AND3B1 		XLXI_23/XLXI_30/I_M01/I_36_31
AND3 		XLXI_23/XLXI_30/I_M45/I_36_30
AND3 		XLXI_23/XLXI_30/I_M67/I_36_30
AND3B1 		XLXI_23/XLXI_30/I_M67/I_36_31
OR2 		XLXI_23/XLXI_30/I_M67/I_36_38
AND3B1 		XLXI_23/XLXI_31/I_M01/I_36_31
AND3 		XLXI_23/XLXI_31/I_M45/I_36_30
AND3 		XLXI_23/XLXI_31/I_M67/I_36_30
AND3B1 		XLXI_23/XLXI_31/I_M67/I_36_31
OR2 		XLXI_23/XLXI_31/I_M67/I_36_38
AND3B1 		XLXI_23/XLXI_32/I_M01/I_36_31
AND3 		XLXI_23/XLXI_32/I_M45/I_36_30
AND3 		XLXI_23/XLXI_32/I_M67/I_36_30
AND3B1 		XLXI_23/XLXI_32/I_M67/I_36_31
OR2 		XLXI_23/XLXI_32/I_M67/I_36_38
AND3B1 		XLXI_23/XLXI_33/I_M01/I_36_31
AND3 		XLXI_23/XLXI_33/I_M45/I_36_30
AND3 		XLXI_23/XLXI_33/I_M67/I_36_30
AND3B1 		XLXI_23/XLXI_33/I_M67/I_36_31
OR2 		XLXI_23/XLXI_33/I_M67/I_36_38
AND3B1 		XLXI_23/XLXI_34/I_M01/I_36_31
AND3 		XLXI_23/XLXI_34/I_M45/I_36_30
AND3 		XLXI_23/XLXI_34/I_M67/I_36_30
AND3B1 		XLXI_23/XLXI_34/I_M67/I_36_31
OR2 		XLXI_23/XLXI_34/I_M67/I_36_38
AND3B1 		XLXI_23/XLXI_35/I_M01/I_36_31
AND3 		XLXI_23/XLXI_35/I_M45/I_36_30
AND3 		XLXI_23/XLXI_35/I_M67/I_36_30
AND3B1 		XLXI_23/XLXI_35/I_M67/I_36_31
OR2 		XLXI_23/XLXI_35/I_M67/I_36_38
AND3B1 		XLXI_23/XLXI_9/I_M01/I_36_31
AND3B1 		XLXI_23/XLXI_9/I_M23/I_36_31
AND3 		XLXI_23/XLXI_9/I_M45/I_36_30
AND3 		XLXI_23/XLXI_9/I_M67/I_36_30
AND3B1 		XLXI_23/XLXI_9/I_M67/I_36_31
OR2 		XLXI_23/XLXI_9/I_M67/I_36_38
AND3 		XLXI_29/XLXI_44/XLXI_4/I_M23/I_36_30
AND3 		XLXI_29/XLXI_45/XLXI_4/I_M23/I_36_30
AND3 		XLXI_29/XLXI_46/XLXI_4/I_M23/I_36_30
AND3 		XLXI_29/XLXI_47/XLXI_4/I_M23/I_36_30
AND3 		XLXI_29/XLXI_48/XLXI_4/I_M23/I_36_30
AND3 		XLXI_29/XLXI_49/XLXI_4/I_M23/I_36_30
AND3 		XLXI_29/XLXI_50/XLXI_4/I_M23/I_36_30
AND3 		XLXI_29/XLXI_51/XLXI_4/I_M23/I_36_30
AND3 		XLXI_29/XLXI_52/XLXI_4/I_M23/I_36_30
AND3 		XLXI_29/XLXI_53/XLXI_4/I_M23/I_36_30
AND3 		XLXI_29/XLXI_54/XLXI_4/I_M23/I_36_30
AND3 		XLXI_29/XLXI_55/XLXI_4/I_M23/I_36_30
AND3 		XLXI_29/XLXI_7/XLXI_4/I_M23/I_36_30
AND3 		XLXI_29/XLXI_8/XLXI_4/I_M23/I_36_30
AND3 		XLXI_29/XLXI_9/XLXI_4/I_M23/I_36_30
AND3B1 		XLXI_31/XLXI_100/I_M01/I_36_31
AND3B1 		XLXI_31/XLXI_101/I_M01/I_36_31
AND3B1 		XLXI_31/XLXI_102/I_M01/I_36_31
AND3B1 		XLXI_31/XLXI_87/I_M01/I_36_31
AND3B1 		XLXI_31/XLXI_88/I_M01/I_36_31
AND3B1 		XLXI_31/XLXI_89/I_M01/I_36_31
AND3B1 		XLXI_31/XLXI_90/I_M01/I_36_31
AND3B1 		XLXI_31/XLXI_91/I_M01/I_36_31
AND3B1 		XLXI_31/XLXI_92/I_M01/I_36_31
AND3B1 		XLXI_31/XLXI_93/I_M01/I_36_31
AND3B1 		XLXI_31/XLXI_94/I_M01/I_36_31
AND3B1 		XLXI_31/XLXI_95/I_M01/I_36_31
AND3B1 		XLXI_31/XLXI_96/I_M01/I_36_31
AND3B1 		XLXI_31/XLXI_97/I_M01/I_36_31
AND3B1 		XLXI_31/XLXI_98/I_M01/I_36_31
AND3B1 		XLXI_31/XLXI_99/I_M01/I_36_31
AND3B1 		XLXI_33/XLXI_100/I_M01/I_36_31
AND3 		XLXI_33/XLXI_100/I_M23/I_36_30
AND3B1 		XLXI_33/XLXI_100/I_M23/I_36_31
OR2 		XLXI_33/XLXI_100/I_M23/I_36_38
AND3B1 		XLXI_33/XLXI_101/I_M01/I_36_31
AND3 		XLXI_33/XLXI_101/I_M23/I_36_30
AND3B1 		XLXI_33/XLXI_101/I_M23/I_36_31
OR2 		XLXI_33/XLXI_101/I_M23/I_36_38
AND3B1 		XLXI_33/XLXI_102/I_M01/I_36_31
AND3 		XLXI_33/XLXI_102/I_M23/I_36_30
AND3B1 		XLXI_33/XLXI_102/I_M23/I_36_31
OR2 		XLXI_33/XLXI_102/I_M23/I_36_38
AND3B1 		XLXI_33/XLXI_87/I_M23/I_36_31
AND3B1 		XLXI_33/XLXI_88/I_M23/I_36_31
AND3B1 		XLXI_33/XLXI_89/I_M23/I_36_31
AND3B1 		XLXI_33/XLXI_90/I_M23/I_36_31
AND3B1 		XLXI_33/XLXI_91/I_M23/I_36_31
AND3B1 		XLXI_33/XLXI_92/I_M23/I_36_31
AND3B1 		XLXI_33/XLXI_93/I_M23/I_36_31
AND3B1 		XLXI_33/XLXI_94/I_M23/I_36_31
AND3B1 		XLXI_33/XLXI_95/I_M23/I_36_31
AND3B1 		XLXI_33/XLXI_96/I_M23/I_36_31
AND3B1 		XLXI_33/XLXI_97/I_M23/I_36_31
AND3B1 		XLXI_33/XLXI_98/I_M01/I_36_31
AND3 		XLXI_33/XLXI_98/I_M23/I_36_30
AND3B1 		XLXI_33/XLXI_98/I_M23/I_36_31
OR2 		XLXI_33/XLXI_98/I_M23/I_36_38
AND3B1 		XLXI_33/XLXI_99/I_M01/I_36_31
AND3 		XLXI_33/XLXI_99/I_M23/I_36_30
AND3B1 		XLXI_33/XLXI_99/I_M23/I_36_31
OR2 		XLXI_33/XLXI_99/I_M23/I_36_38
AND3 		XLXI_41/XLXI_1/I_M23/I_36_30
AND3 		XLXI_41/XLXI_1/I_M45/I_36_30
AND3 		XLXI_41/XLXI_1/I_M67/I_36_30
AND3B1 		XLXI_41/XLXI_1/I_M67/I_36_31
OR2 		XLXI_41/XLXI_1/I_M67/I_36_38
AND3 		XLXI_41/XLXI_10/I_M23/I_36_30
AND3 		XLXI_41/XLXI_10/I_M45/I_36_30
AND3 		XLXI_41/XLXI_10/I_M67/I_36_30
AND3B1 		XLXI_41/XLXI_10/I_M67/I_36_31
OR2 		XLXI_41/XLXI_10/I_M67/I_36_38
AND3 		XLXI_41/XLXI_11/I_M23/I_36_30
AND3 		XLXI_41/XLXI_11/I_M45/I_36_30
AND3 		XLXI_41/XLXI_11/I_M67/I_36_30
AND3B1 		XLXI_41/XLXI_11/I_M67/I_36_31
OR2 		XLXI_41/XLXI_11/I_M67/I_36_38
AND3 		XLXI_41/XLXI_24/I_M23/I_36_30
AND3 		XLXI_41/XLXI_24/I_M45/I_36_30
AND3 		XLXI_41/XLXI_24/I_M67/I_36_30
AND3B1 		XLXI_41/XLXI_24/I_M67/I_36_31
OR2 		XLXI_41/XLXI_24/I_M67/I_36_38
AND3 		XLXI_41/XLXI_25/I_M23/I_36_30
AND3 		XLXI_41/XLXI_25/I_M45/I_36_30
AND3 		XLXI_41/XLXI_25/I_M67/I_36_30
AND3B1 		XLXI_41/XLXI_25/I_M67/I_36_31
OR2 		XLXI_41/XLXI_25/I_M67/I_36_38
AND3 		XLXI_41/XLXI_26/I_M23/I_36_30
AND3 		XLXI_41/XLXI_26/I_M45/I_36_30
AND3 		XLXI_41/XLXI_26/I_M67/I_36_30
AND3B1 		XLXI_41/XLXI_26/I_M67/I_36_31
OR2 		XLXI_41/XLXI_26/I_M67/I_36_38
AND3 		XLXI_41/XLXI_27/I_M23/I_36_30
AND3 		XLXI_41/XLXI_27/I_M45/I_36_30
AND3 		XLXI_41/XLXI_27/I_M67/I_36_30
AND3B1 		XLXI_41/XLXI_27/I_M67/I_36_31
OR2 		XLXI_41/XLXI_27/I_M67/I_36_38
AND3 		XLXI_41/XLXI_28/I_M45/I_36_30
AND3 		XLXI_41/XLXI_28/I_M67/I_36_30
AND3B1 		XLXI_41/XLXI_28/I_M67/I_36_31
OR2 		XLXI_41/XLXI_28/I_M67/I_36_38
AND3 		XLXI_41/XLXI_29/I_M45/I_36_30
AND3 		XLXI_41/XLXI_29/I_M67/I_36_30
AND3B1 		XLXI_41/XLXI_29/I_M67/I_36_31
OR2 		XLXI_41/XLXI_29/I_M67/I_36_38
AND3 		XLXI_41/XLXI_9/I_M23/I_36_30
AND3 		XLXI_41/XLXI_9/I_M45/I_36_30
AND3 		XLXI_41/XLXI_9/I_M67/I_36_30
AND3B1 		XLXI_41/XLXI_9/I_M67/I_36_31
OR2 		XLXI_41/XLXI_9/I_M67/I_36_38
AND3 		XLXI_42/XLXI_100/I_M01/I_36_30
AND3 		XLXI_42/XLXI_101/I_M01/I_36_30
AND3 		XLXI_42/XLXI_102/I_M01/I_36_30
AND3 		XLXI_42/XLXI_88/I_M01/I_36_30
AND3 		XLXI_42/XLXI_89/I_M01/I_36_30
AND3 		XLXI_42/XLXI_90/I_M01/I_36_30
AND3 		XLXI_42/XLXI_91/I_M01/I_36_30
AND3 		XLXI_42/XLXI_92/I_M01/I_36_30
AND3 		XLXI_42/XLXI_93/I_M01/I_36_30
AND3 		XLXI_42/XLXI_94/I_M01/I_36_30
AND3 		XLXI_42/XLXI_95/I_M01/I_36_30
AND3 		XLXI_42/XLXI_96/I_M01/I_36_30
AND3 		XLXI_42/XLXI_97/I_M01/I_36_30
AND3 		XLXI_42/XLXI_98/I_M01/I_36_30
AND3 		XLXI_42/XLXI_99/I_M01/I_36_30
BUF 		XLXI_49/XLXI_12/XLXI_10
BUF 		XLXI_49/XLXI_12/XLXI_11
BUF 		XLXI_49/XLXI_12/XLXI_12
BUF 		XLXI_49/XLXI_12/XLXI_13
BUF 		XLXI_49/XLXI_12/XLXI_14
BUF 		XLXI_49/XLXI_12/XLXI_15
BUF 		XLXI_49/XLXI_12/XLXI_8
BUF 		XLXI_49/XLXI_12/XLXI_9
BUF 		XLXI_49/XLXI_13/XLXI_10
BUF 		XLXI_49/XLXI_13/XLXI_11
BUF 		XLXI_49/XLXI_13/XLXI_12
BUF 		XLXI_49/XLXI_13/XLXI_13
BUF 		XLXI_49/XLXI_13/XLXI_14
BUF 		XLXI_49/XLXI_13/XLXI_15
BUF 		XLXI_49/XLXI_13/XLXI_8
BUF 		XLXI_49/XLXI_13/XLXI_9
AND3B1 		XLXI_49/XLXI_14/XLXI_12/I_36_31
AND3B1 		XLXI_49/XLXI_14/XLXI_13/I_36_31
AND3B1 		XLXI_49/XLXI_14/XLXI_14/I_36_31
AND3B1 		XLXI_49/XLXI_14/XLXI_15/I_36_31
AND3B1 		XLXI_49/XLXI_14/XLXI_16/I_36_31
AND3B1 		XLXI_49/XLXI_14/XLXI_17/I_36_31
AND3B1 		XLXI_49/XLXI_14/XLXI_18/I_36_31
AND3B1 		XLXI_49/XLXI_14/XLXI_19/I_36_31
VCC 		XLXI_51/XLXI_1
BUF 		XLXI_51/XLXI_12/XLXI_10
BUF 		XLXI_51/XLXI_12/XLXI_11
BUF 		XLXI_51/XLXI_12/XLXI_12
BUF 		XLXI_51/XLXI_12/XLXI_13
BUF 		XLXI_51/XLXI_12/XLXI_14
BUF 		XLXI_51/XLXI_12/XLXI_15
BUF 		XLXI_51/XLXI_12/XLXI_3
BUF 		XLXI_51/XLXI_12/XLXI_4
BUF 		XLXI_51/XLXI_12/XLXI_5
BUF 		XLXI_51/XLXI_12/XLXI_6
BUF 		XLXI_51/XLXI_12/XLXI_7
BUF 		XLXI_51/XLXI_12/XLXI_8
BUF 		XLXI_51/XLXI_12/XLXI_9
BUF 		XLXI_51/XLXI_13/XLXI_10
BUF 		XLXI_51/XLXI_13/XLXI_11
BUF 		XLXI_51/XLXI_13/XLXI_12
BUF 		XLXI_51/XLXI_13/XLXI_13
BUF 		XLXI_51/XLXI_13/XLXI_14
BUF 		XLXI_51/XLXI_13/XLXI_15
BUF 		XLXI_51/XLXI_13/XLXI_3
BUF 		XLXI_51/XLXI_13/XLXI_4
BUF 		XLXI_51/XLXI_13/XLXI_5
BUF 		XLXI_51/XLXI_13/XLXI_6
BUF 		XLXI_51/XLXI_13/XLXI_7
BUF 		XLXI_51/XLXI_13/XLXI_8
BUF 		XLXI_51/XLXI_13/XLXI_9
AND3B1 		XLXI_51/XLXI_14/XLXI_10/I_36_31
AND3B1 		XLXI_51/XLXI_14/XLXI_11/I_36_31
AND3B1 		XLXI_51/XLXI_14/XLXI_12/I_36_31
AND3B1 		XLXI_51/XLXI_14/XLXI_13/I_36_31
AND3B1 		XLXI_51/XLXI_14/XLXI_14/I_36_31
AND3B1 		XLXI_51/XLXI_14/XLXI_15/I_36_31
AND3B1 		XLXI_51/XLXI_14/XLXI_16/I_36_31
AND3B1 		XLXI_51/XLXI_14/XLXI_17/I_36_31
AND3B1 		XLXI_51/XLXI_14/XLXI_18/I_36_31
AND3B1 		XLXI_51/XLXI_14/XLXI_19/I_36_31
AND3B1 		XLXI_51/XLXI_14/XLXI_7/I_36_31
AND3B1 		XLXI_51/XLXI_14/XLXI_8/I_36_31
AND3B1 		XLXI_51/XLXI_14/XLXI_9/I_36_31
GND 		XLXI_51/XLXI_2
AND3 		XLXI_8/XLXI_100/I_M23/I_36_30
AND3B1 		XLXI_8/XLXI_100/I_M23/I_36_31
OR2 		XLXI_8/XLXI_100/I_M23/I_36_38
AND3 		XLXI_8/XLXI_101/I_M23/I_36_30
AND3B1 		XLXI_8/XLXI_101/I_M23/I_36_31
OR2 		XLXI_8/XLXI_101/I_M23/I_36_38
AND3 		XLXI_8/XLXI_102/I_M23/I_36_30
AND3B1 		XLXI_8/XLXI_102/I_M23/I_36_31
OR2 		XLXI_8/XLXI_102/I_M23/I_36_38
AND3 		XLXI_8/XLXI_87/I_M23/I_36_30
AND3 		XLXI_8/XLXI_88/I_M23/I_36_30
AND3 		XLXI_8/XLXI_89/I_M23/I_36_30
AND3 		XLXI_8/XLXI_90/I_M23/I_36_30
AND3 		XLXI_8/XLXI_91/I_M23/I_36_30
AND3 		XLXI_8/XLXI_92/I_M23/I_36_30
AND3 		XLXI_8/XLXI_93/I_M23/I_36_30
AND3 		XLXI_8/XLXI_94/I_M23/I_36_30
AND3 		XLXI_8/XLXI_96/I_M23/I_36_30
AND3 		XLXI_8/XLXI_97/I_M23/I_36_30
AND3 		XLXI_8/XLXI_98/I_M23/I_36_30
AND3B1 		XLXI_8/XLXI_98/I_M23/I_36_31
OR2 		XLXI_8/XLXI_98/I_M23/I_36_38
AND3 		XLXI_8/XLXI_99/I_M23/I_36_30
AND3B1 		XLXI_8/XLXI_99/I_M23/I_36_31
OR2 		XLXI_8/XLXI_99/I_M23/I_36_38
AND3B1 		XLXI_49/XLXI_14/XLXI_11/I_36_31
AND3B1 		XLXI_51/XLXI_14/XLXI_6/I_36_31

To enable printing of redundant blocks removed and signals merged, set the
detailed map report option and rerun map.

Section 6 - IOB Properties
--------------------------

+---------------------------------------------------------------------------------------------------------------------------------------------------------+
| IOB Name                           | Type             | Direction | IO Standard          | Diff  | Drive    | Slew | Reg (s)      | Resistor | IOB      |
|                                    |                  |           |                      | Term  | Strength | Rate |              |          | Delay    |
+---------------------------------------------------------------------------------------------------------------------------------------------------------+
| CLK                                | IBUF             | INPUT     | LVCMOS25             |       |          |      |              |          | 0 / 0    |
| CS<0>                              | IOB              | OUTPUT    | LVCMOS25             |       | 12       | SLOW |              |          | 0 / 0    |
| CS<1>                              | IOB              | OUTPUT    | LVCMOS25             |       | 12       | SLOW |              |          | 0 / 0    |
| CS<2>                              | IOB              | OUTPUT    | LVCMOS25             |       | 12       | SLOW |              |          | 0 / 0    |
| CS<3>                              | IOB              | OUTPUT    | LVCMOS25             |       | 12       | SLOW |              |          | 0 / 0    |
| CS<4>                              | IOB              | OUTPUT    | LVCMOS25             |       | 12       | SLOW |              |          | 0 / 0    |
| NS<0>                              | IOB              | OUTPUT    | LVCMOS25             |       | 12       | SLOW |              |          | 0 / 0    |
| NS<1>                              | IOB              | OUTPUT    | LVCMOS25             |       | 12       | SLOW |              |          | 0 / 0    |
| NS<2>                              | IOB              | OUTPUT    | LVCMOS25             |       | 12       | SLOW |              |          | 0 / 0    |
| NS<3>                              | IOB              | OUTPUT    | LVCMOS25             |       | 12       | SLOW |              |          | 0 / 0    |
| NS<4>                              | IOB              | OUTPUT    | LVCMOS25             |       | 12       | SLOW |              |          | 0 / 0    |
| ResetH                             | IBUF             | INPUT     | LVCMOS25             |       |          |      |              |          | 0 / 0    |
+---------------------------------------------------------------------------------------------------------------------------------------------------------+

Section 7 - RPMs
----------------

Section 8 - Guide Report
------------------------
Guide not run on this design.

Section 9 - Area Group and Partition Summary
--------------------------------------------

Partition Implementation Status
-------------------------------

  No Partitions were found in this design.

-------------------------------

Area Group Information
----------------------

  No area groups were found in this design.

----------------------

Section 10 - Timing Report
--------------------------
This design was not run using timing mode.

Section 11 - Configuration String Details
-----------------------------------------
Use the "-detail" map option to print out Configuration Strings

Section 12 - Control Set Information
------------------------------------
No control set information for this architecture.

Section 13 - Utilization by Hierarchy
-------------------------------------
Use the "-detail" map option to print out the Utilization by Hierarchy section.
